<?xml version="1.0" encoding="UTF-8"?>
<!-- Generated by org.testng.reporters.JUnitXMLReporter -->
<testsuite ignored="9" hostname="DESKTOP-NCPJDF6" failures="0" tests="1" name="Default test" time="36.862" errors="0" timestamp="2023-11-13T17:06:29 EST">
  <testcase classname="com.naveenautomation.Test.AccountPageTest" name="validateIfUserCanCustomAffiliateTrackingCode" time="28.976"/>
  <testcase classname="com.naveenautomation.Test.AccountPageTest" name="validateIfUserCanChangePassword" time="0.0">
    <ignored/>
  </testcase> <!-- validateIfUserCanChangePassword -->
  <testcase classname="com.naveenautomation.Test.AccountPageTest" name="validateUserCanValidateLoginWithValidCredential" time="0.0">
    <ignored/>
  </testcase> <!-- validateUserCanValidateLoginWithValidCredential -->
  <testcase classname="com.naveenautomation.Test.AccountPageTest" name="validateTest" time="0.0">
    <ignored/>
  </testcase> <!-- validateTest -->
  <testcase classname="com.naveenautomation.Test.AccountPageTest" name="validateNoProductToReturnMessage" time="0.0">
    <ignored/>
  </testcase> <!-- validateNoProductToReturnMessage -->
  <testcase classname="com.naveenautomation.Test.AccountPageTest" name="validateUserCanRegister" time="0.0">
    <ignored/>
  </testcase> <!-- validateUserCanRegister -->
  <testcase classname="com.naveenautomation.Test.AccountPageTest" name="validateIfUserCanUpdateAccountInfo" time="0.0">
    <ignored/>
  </testcase> <!-- validateIfUserCanUpdateAccountInfo -->
  <testcase classname="com.naveenautomation.Test.AccountPageTest" name="validateIfUserCanEditAffiliateAccount" time="0.0">
    <ignored/>
  </testcase> <!-- validateIfUserCanEditAffiliateAccount -->
  <testcase classname="com.naveenautomation.Test.AccountPageTest" name="validateIfUserUpdateSubscribtion" time="0.0">
    <ignored/>
  </testcase> <!-- validateIfUserUpdateSubscribtion -->
  <testcase classname="com.naveenautomation.Test.AccountPageTest" name="validateIfUserCanRegisterAffiliateAccount" time="0.0">
    <ignored/>
  </testcase> <!-- validateIfUserCanRegisterAffiliateAccount -->
</testsuite> <!-- Default test -->
