<?xml version="1.0" encoding="UTF-8"?>
<!-- Generated by org.testng.reporters.JUnitXMLReporter -->
<testsuite ignored="9" hostname="DESKTOP-NCPJDF6" failures="0" tests="1" name="Default test" time="16.514" errors="0" timestamp="2023-11-20T04:29:57 EST">
  <testcase classname="com.naveenautomation.Test.AccountPageTest" name="validateIfUserCanUpdateAccountInfo" time="3.67"/>
  <testcase classname="com.naveenautomation.Test.AccountPageTest" name="validateNoProductToReturnMessage" time="0.0">
    <ignored/>
  </testcase> <!-- validateNoProductToReturnMessage -->
  <testcase classname="com.naveenautomation.Test.AccountPageTest" name="validateIfUserCanRegisterAffiliateAccount" time="0.0">
    <ignored/>
  </testcase> <!-- validateIfUserCanRegisterAffiliateAccount -->
  <testcase classname="com.naveenautomation.Test.AccountPageTest" name="validateIfUserCanEditAffiliateAccount" time="0.0">
    <ignored/>
  </testcase> <!-- validateIfUserCanEditAffiliateAccount -->
  <testcase classname="com.naveenautomation.Test.AccountPageTest" name="validateIfUserUpdateSubscribtion" time="0.0">
    <ignored/>
  </testcase> <!-- validateIfUserUpdateSubscribtion -->
  <testcase classname="com.naveenautomation.Test.AccountPageTest" name="validateIfUserCanChangePassword" time="0.0">
    <ignored/>
  </testcase> <!-- validateIfUserCanChangePassword -->
  <testcase classname="com.naveenautomation.Test.AccountPageTest" name="validateUserCanRegister" time="0.0">
    <ignored/>
  </testcase> <!-- validateUserCanRegister -->
  <testcase classname="com.naveenautomation.Test.AccountPageTest" name="validateUserCannotNavigateBackToRegistrationPageAfterRegistration" time="0.0">
    <ignored/>
  </testcase> <!-- validateUserCannotNavigateBackToRegistrationPageAfterRegistration -->
  <testcase classname="com.naveenautomation.Test.AccountPageTest" name="validateIfUserCanCustomAffiliateTrackingCode" time="0.0">
    <ignored/>
  </testcase> <!-- validateIfUserCanCustomAffiliateTrackingCode -->
  <testcase classname="com.naveenautomation.Test.AccountPageTest" name="validateUserCanValidateLoginWithValidCredential" time="0.0">
    <ignored/>
  </testcase> <!-- validateUserCanValidateLoginWithValidCredential -->
</testsuite> <!-- Default test -->
