<?xml version="1.0" encoding="UTF-8"?>
<!-- Generated by org.testng.reporters.JUnitXMLReporter -->
<testsuite ignored="9" hostname="DESKTOP-NCPJDF6" failures="1" tests="2" name="Test" time="6.03" errors="0" timestamp="2023-11-19T16:42:38 EST">
  <testcase classname="com.naveenautomation.Test.AccountPageTest" name="validateIfUserCanUpdateAccountInfo" time="0.089">
    <skipped/>
  </testcase> <!-- validateIfUserCanUpdateAccountInfo -->
  <testcase classname="com.naveenautomation.Test.AccountPageTest" name="validateIfUserCanUpdateAccountInfo" time="0.064">
    <failure type="org.openqa.selenium.NoSuchElementException" message="no such element: Unable to locate element: {&amp;quot;method&amp;quot;:&amp;quot;css selector&amp;quot;,&amp;quot;selector&amp;quot;:&amp;quot;#input\-email&amp;quot;}
  (Session info: headless chrome=119.0.6045.160)
For documentation on this error, please visit: https://www.selenium.dev/documentation/webdriver/troubleshooting/errors#no-such-element-exception
Build info: version: &amp;apos;4.12.0&amp;apos;, revision: &amp;apos;249f2a7d1b*&amp;apos;
System info: os.name: &amp;apos;Windows 11&amp;apos;, os.arch: &amp;apos;amd64&amp;apos;, os.version: &amp;apos;10.0&amp;apos;, java.version: &amp;apos;17.0.7&amp;apos;
Driver info: org.openqa.selenium.remote.RemoteWebDriver
Command: [d2d3b0cc85af3d63ef47906d117e52dc, findElement {using=id, value=input-email}]
Capabilities {acceptInsecureCerts: false, browserName: chrome, browserVersion: 119.0.6045.160, chrome: {chromedriverVersion: 119.0.6045.105 (38c72552c5e..., userDataDir: C:\Users\geeth\AppData\Loca...}, fedcm:accounts: true, goog:chromeOptions: {debuggerAddress: localhost:60835}, networkConnectionEnabled: false, pageLoadStrategy: normal, platformName: Windows 11, proxy: Proxy(), se:bidiEnabled: false, se:cdp: ws://192.168.0.21:4444/sess..., se:cdpVersion: 119.0.6045.160, setWindowRect: true, strictFileInteractability: false, timeouts: {implicit: 0, pageLoad: 300000, script: 30000}, unhandledPromptBehavior: dismiss and notify, webauthn:extension:credBlob: true, webauthn:extension:largeBlob: true, webauthn:extension:minPinLength: true, webauthn:extension:prf: true, webauthn:virtualAuthenticators: true}
Session ID: d2d3b0cc85af3d63ef47906d117e52dc">
      <![CDATA[org.openqa.selenium.NoSuchElementException: no such element: Unable to locate element: {"method":"css selector","selector":"#input\-email"}
  (Session info: headless chrome=119.0.6045.160)
For documentation on this error, please visit: https://www.selenium.dev/documentation/webdriver/troubleshooting/errors#no-such-element-exception
Build info: version: '4.12.0', revision: '249f2a7d1b*'
System info: os.name: 'Windows 11', os.arch: 'amd64', os.version: '10.0', java.version: '17.0.7'
Driver info: org.openqa.selenium.remote.RemoteWebDriver
Command: [d2d3b0cc85af3d63ef47906d117e52dc, findElement {using=id, value=input-email}]
Capabilities {acceptInsecureCerts: false, browserName: chrome, browserVersion: 119.0.6045.160, chrome: {chromedriverVersion: 119.0.6045.105 (38c72552c5e..., userDataDir: C:\Users\geeth\AppData\Loca...}, fedcm:accounts: true, goog:chromeOptions: {debuggerAddress: localhost:60835}, networkConnectionEnabled: false, pageLoadStrategy: normal, platformName: Windows 11, proxy: Proxy(), se:bidiEnabled: false, se:cdp: ws://192.168.0.21:4444/sess..., se:cdpVersion: 119.0.6045.160, setWindowRect: true, strictFileInteractability: false, timeouts: {implicit: 0, pageLoad: 300000, script: 30000}, unhandledPromptBehavior: dismiss and notify, webauthn:extension:credBlob: true, webauthn:extension:largeBlob: true, webauthn:extension:minPinLength: true, webauthn:extension:prf: true, webauthn:virtualAuthenticators: true}
Session ID: d2d3b0cc85af3d63ef47906d117e52dc
at org.openqa.selenium.remote.codec.w3c.W3CHttpResponseCodec.createException(W3CHttpResponseCodec.java:200)
at org.openqa.selenium.remote.codec.w3c.W3CHttpResponseCodec.decode(W3CHttpResponseCodec.java:133)
at org.openqa.selenium.remote.codec.w3c.W3CHttpResponseCodec.decode(W3CHttpResponseCodec.java:52)
at org.openqa.selenium.remote.HttpCommandExecutor.execute(HttpCommandExecutor.java:191)
at org.openqa.selenium.remote.TracedCommandExecutor.execute(TracedCommandExecutor.java:51)
at org.openqa.selenium.remote.RemoteWebDriver.execute(RemoteWebDriver.java:602)
at org.openqa.selenium.remote.ElementLocation$ElementFinder$2.findElement(ElementLocation.java:165)
at org.openqa.selenium.remote.ElementLocation.findElement(ElementLocation.java:66)
at org.openqa.selenium.remote.RemoteWebDriver.findElement(RemoteWebDriver.java:359)
at org.openqa.selenium.remote.RemoteWebDriver.findElement(RemoteWebDriver.java:353)
at org.openqa.selenium.support.pagefactory.DefaultElementLocator.findElement(DefaultElementLocator.java:68)
at org.openqa.selenium.support.pagefactory.internal.LocatingElementHandler.invoke(LocatingElementHandler.java:38)
at jdk.proxy2/jdk.proxy2.$Proxy19.sendKeys(Unknown Source)
at com.naveenautomation.Page.LoginPage.enterEmail(LoginPage.java:47)
at com.naveenautomation.Page.LoginPage.submitLogin(LoginPage.java:59)
at com.naveenautomation.Test.AccountPageTest.validateIfUserCanUpdateAccountInfo(AccountPageTest.java:50)
at java.base/java.util.ArrayList.forEach(ArrayList.java:1511)
... Removed 32 stack frames]]>
    </failure>
  </testcase> <!-- validateIfUserCanUpdateAccountInfo -->
  <testcase classname="com.naveenautomation.Test.AccountPageTest" name="validateUserCannotNavigateBackToRegistrationPageAfterRegistration" time="0.0">
    <ignored/>
  </testcase> <!-- validateUserCannotNavigateBackToRegistrationPageAfterRegistration -->
  <testcase classname="com.naveenautomation.Test.AccountPageTest" name="validateIfUserCanCustomAffiliateTrackingCode" time="0.0">
    <ignored/>
  </testcase> <!-- validateIfUserCanCustomAffiliateTrackingCode -->
  <testcase classname="com.naveenautomation.Test.AccountPageTest" name="validateIfUserCanChangePassword" time="0.0">
    <ignored/>
  </testcase> <!-- validateIfUserCanChangePassword -->
  <testcase classname="com.naveenautomation.Test.AccountPageTest" name="validateNoProductToReturnMessage" time="0.0">
    <ignored/>
  </testcase> <!-- validateNoProductToReturnMessage -->
  <testcase classname="com.naveenautomation.Test.AccountPageTest" name="validateIfUserCanEditAffiliateAccount" time="0.0">
    <ignored/>
  </testcase> <!-- validateIfUserCanEditAffiliateAccount -->
  <testcase classname="com.naveenautomation.Test.AccountPageTest" name="validateIfUserCanRegisterAffiliateAccount" time="0.0">
    <ignored/>
  </testcase> <!-- validateIfUserCanRegisterAffiliateAccount -->
  <testcase classname="com.naveenautomation.Test.AccountPageTest" name="validateUserCanRegister" time="0.0">
    <ignored/>
  </testcase> <!-- validateUserCanRegister -->
  <testcase classname="com.naveenautomation.Test.AccountPageTest" name="validateIfUserUpdateSubscribtion" time="0.0">
    <ignored/>
  </testcase> <!-- validateIfUserUpdateSubscribtion -->
  <testcase classname="com.naveenautomation.Test.AccountPageTest" name="validateUserCanValidateLoginWithValidCredential" time="0.0">
    <ignored/>
  </testcase> <!-- validateUserCanValidateLoginWithValidCredential -->
</testsuite> <!-- Test -->
