{"uuid":"897af09c-15c2-487f-b6fa-5e654f582f12","historyId":"396a1fce969d6e5c564b905150b23123","fullName":"com.naveenautomation.Test.ProductSearchResultPageTest.validateIfUserCanSearchProduct","labels":[{"name":"package","value":"com.naveenautomation.Test.ProductSearchResultPageTest"},{"name":"testClass","value":"com.naveenautomation.Test.ProductSearchResultPageTest"},{"name":"testMethod","value":"validateIfUserCanSearchProduct"},{"name":"parentSuite","value":"Default suite"},{"name":"suite","value":"Default test"},{"name":"subSuite","value":"com.naveenautomation.Test.ProductSearchResultPageTest"},{"name":"host","value":"DESKTOP-NCPJDF6"},{"name":"thread","value":"22144@DESKTOP-NCPJDF6.main(1)"},{"name":"framework","value":"testng"},{"name":"language","value":"java"}],"links":[],"name":"validateIfUserCanSearchProduct","status":"skipped","statusDetails":{"known":false,"muted":false,"flaky":false,"message":"Could not start a new session. Possible causes are invalid address of the remote server or browser start-up failure.\nBuild info: version: '3.141.59', revision: 'e82be7d358', time: '2018-11-14T08:17:03'\nSystem info: host: 'DESKTOP-NCPJDF6', ip: '192.168.0.21', os.name: 'Windows 11', os.arch: 'amd64', os.version: '10.0', java.version: '17.0.7'\nDriver info: driver.version: RemoteWebDriver","trace":"org.openqa.selenium.remote.UnreachableBrowserException: Could not start a new session. Possible causes are invalid address of the remote server or browser start-up failure.\nBuild info: version: '3.141.59', revision: 'e82be7d358', time: '2018-11-14T08:17:03'\nSystem info: host: 'DESKTOP-NCPJDF6', ip: '192.168.0.21', os.name: 'Windows 11', os.arch: 'amd64', os.version: '10.0', java.version: '17.0.7'\nDriver info: driver.version: RemoteWebDriver\r\n\tat org.openqa.selenium.remote.RemoteWebDriver.execute(RemoteWebDriver.java:573)\r\n\tat org.openqa.selenium.remote.RemoteWebDriver.startSession(RemoteWebDriver.java:213)\r\n\tat org.openqa.selenium.remote.RemoteWebDriver.<init>(RemoteWebDriver.java:131)\r\n\tat org.openqa.selenium.remote.RemoteWebDriver.<init>(RemoteWebDriver.java:144)\r\n\tat com.naveenautomation.Base.BaseTest.intilisation(BaseTest.java:59)\r\n\tat com.naveenautomation.Test.ProductSearchResultPageTest.launch(ProductSearchResultPageTest.java:21)\r\n\tat java.base/jdk.internal.reflect.NativeMethodAccessorImpl.invoke0(Native Method)\r\n\tat java.base/jdk.internal.reflect.NativeMethodAccessorImpl.invoke(NativeMethodAccessorImpl.java:77)\r\n\tat java.base/jdk.internal.reflect.DelegatingMethodAccessorImpl.invoke(DelegatingMethodAccessorImpl.java:43)\r\n\tat java.base/java.lang.reflect.Method.invoke(Method.java:568)\r\n\tat org.testng.internal.invokers.MethodInvocationHelper.invokeMethod(MethodInvocationHelper.java:139)\r\n\tat org.testng.internal.invokers.MethodInvocationHelper.invokeMethodConsideringTimeout(MethodInvocationHelper.java:69)\r\n\tat org.testng.internal.invokers.ConfigInvoker.invokeConfigurationMethod(ConfigInvoker.java:390)\r\n\tat org.testng.internal.invokers.ConfigInvoker.invokeConfigurations(ConfigInvoker.java:325)\r\n\tat org.testng.internal.invokers.TestInvoker.runConfigMethods(TestInvoker.java:810)\r\n\tat org.testng.internal.invokers.TestInvoker.invokeMethod(TestInvoker.java:577)\r\n\tat org.testng.internal.invokers.TestInvoker.invokeTestMethod(TestInvoker.java:227)\r\n\tat org.testng.internal.invokers.MethodRunner.runInSequence(MethodRunner.java:50)\r\n\tat org.testng.internal.invokers.TestInvoker$MethodInvocationAgent.invoke(TestInvoker.java:957)\r\n\tat org.testng.internal.invokers.TestInvoker.invokeTestMethods(TestInvoker.java:200)\r\n\tat org.testng.internal.invokers.TestMethodWorker.invokeTestMethods(TestMethodWorker.java:148)\r\n\tat org.testng.internal.invokers.TestMethodWorker.run(TestMethodWorker.java:128)\r\n\tat java.base/java.util.ArrayList.forEach(ArrayList.java:1511)\r\n\tat org.testng.TestRunner.privateRun(TestRunner.java:848)\r\n\tat org.testng.TestRunner.run(TestRunner.java:621)\r\n\tat org.testng.SuiteRunner.runTest(SuiteRunner.java:443)\r\n\tat org.testng.SuiteRunner.runSequentially(SuiteRunner.java:437)\r\n\tat org.testng.SuiteRunner.privateRun(SuiteRunner.java:397)\r\n\tat org.testng.SuiteRunner.run(SuiteRunner.java:336)\r\n\tat org.testng.SuiteRunnerWorker.runSuite(SuiteRunnerWorker.java:52)\r\n\tat org.testng.SuiteRunnerWorker.run(SuiteRunnerWorker.java:95)\r\n\tat org.testng.TestNG.runSuitesSequentially(TestNG.java:1280)\r\n\tat org.testng.TestNG.runSuitesLocally(TestNG.java:1200)\r\n\tat org.testng.TestNG.runSuites(TestNG.java:1114)\r\n\tat org.testng.TestNG.run(TestNG.java:1082)\r\n\tat org.testng.remote.AbstractRemoteTestNG.run(AbstractRemoteTestNG.java:115)\r\n\tat org.testng.remote.RemoteTestNG.initAndRun(RemoteTestNG.java:251)\r\n\tat org.testng.remote.RemoteTestNG.main(RemoteTestNG.java:77)\r\nCaused by: java.net.ConnectException: Failed to connect to /10.144.104.1:3454\r\n\tat okhttp3.internal.connection.RealConnection.connectSocket(RealConnection.java:247)\r\n\tat okhttp3.internal.connection.RealConnection.connect(RealConnection.java:165)\r\n\tat okhttp3.internal.connection.StreamAllocation.findConnection(StreamAllocation.java:257)\r\n\tat okhttp3.internal.connection.StreamAllocation.findHealthyConnection(StreamAllocation.java:135)\r\n\tat okhttp3.internal.connection.StreamAllocation.newStream(StreamAllocation.java:114)\r\n\tat okhttp3.internal.connection.ConnectInterceptor.intercept(ConnectInterceptor.java:42)\r\n\tat okhttp3.internal.http.RealInterceptorChain.proceed(RealInterceptorChain.java:147)\r\n\tat okhttp3.internal.http.RealInterceptorChain.proceed(RealInterceptorChain.java:121)\r\n\tat okhttp3.internal.cache.CacheInterceptor.intercept(CacheInterceptor.java:93)\r\n\tat okhttp3.internal.http.RealInterceptorChain.proceed(RealInterceptorChain.java:147)\r\n\tat okhttp3.internal.http.RealInterceptorChain.proceed(RealInterceptorChain.java:121)\r\n\tat okhttp3.internal.http.BridgeInterceptor.intercept(BridgeInterceptor.java:93)\r\n\tat okhttp3.internal.http.RealInterceptorChain.proceed(RealInterceptorChain.java:147)\r\n\tat okhttp3.internal.http.RetryAndFollowUpInterceptor.intercept(RetryAndFollowUpInterceptor.java:126)\r\n\tat okhttp3.internal.http.RealInterceptorChain.proceed(RealInterceptorChain.java:147)\r\n\tat okhttp3.internal.http.RealInterceptorChain.proceed(RealInterceptorChain.java:121)\r\n\tat okhttp3.RealCall.getResponseWithInterceptorChain(RealCall.java:200)\r\n\tat okhttp3.RealCall.execute(RealCall.java:77)\r\n\tat org.openqa.selenium.remote.internal.OkHttpClient.execute(OkHttpClient.java:103)\r\n\tat org.openqa.selenium.remote.ProtocolHandshake.createSession(ProtocolHandshake.java:105)\r\n\tat org.openqa.selenium.remote.ProtocolHandshake.createSession(ProtocolHandshake.java:74)\r\n\tat org.openqa.selenium.remote.HttpCommandExecutor.execute(HttpCommandExecutor.java:136)\r\n\tat org.openqa.selenium.remote.RemoteWebDriver.execute(RemoteWebDriver.java:552)\r\n\t... 37 more\r\nCaused by: java.net.ConnectException: Connection timed out: no further information\r\n\tat java.base/sun.nio.ch.Net.pollConnect(Native Method)\r\n\tat java.base/sun.nio.ch.Net.pollConnectNow(Net.java:672)\r\n\tat java.base/sun.nio.ch.NioSocketImpl.timedFinishConnect(NioSocketImpl.java:549)\r\n\tat java.base/sun.nio.ch.NioSocketImpl.connect(NioSocketImpl.java:597)\r\n\tat java.base/java.net.SocksSocketImpl.connect(SocksSocketImpl.java:327)\r\n\tat java.base/java.net.Socket.connect(Socket.java:633)\r\n\tat okhttp3.internal.platform.Platform.connectSocket(Platform.java:129)\r\n\tat okhttp3.internal.connection.RealConnection.connectSocket(RealConnection.java:245)\r\n\t... 59 more\r\n"},"stage":"finished","steps":[],"attachments":[],"parameters":[],"start":1699315508398,"stop":1699315508400}