<?xml version="1.0" encoding="UTF-8"?>
<testng-results ignored="0" total="1" passed="1" failed="0" skipped="0">
  <reporter-output>
  </reporter-output>
  <suite started-at="2023-11-20T04:29:40 EST" name="Default suite" finished-at="2023-11-20T04:29:57 EST" duration-ms="16514">
    <groups>
    </groups>
    <test started-at="2023-11-20T04:29:40 EST" name="Default test" finished-at="2023-11-20T04:29:57 EST" duration-ms="16514">
      <class name="com.naveenautomation.Test.AccountPageTest">
        <test-method is-config="true" signature="loggerSteup()[pri:0, instance:com.naveenautomation.Test.AccountPageTest@4ce1d6d0]" started-at="2023-11-20T04:29:41 EST" name="loggerSteup" finished-at="2023-11-20T04:29:41 EST" duration-ms="131" status="PASS">
          <reporter-output>
          </reporter-output>
        </test-method> <!-- loggerSteup -->
        <test-method is-config="true" signature="launch()[pri:0, instance:com.naveenautomation.Test.AccountPageTest@4ce1d6d0]" started-at="2023-11-20T04:29:41 EST" name="launch" finished-at="2023-11-20T04:29:53 EST" duration-ms="11913" status="PASS">
          <reporter-output>
          </reporter-output>
        </test-method> <!-- launch -->
        <test-method signature="validateIfUserCanUpdateAccountInfo()[pri:0, instance:com.naveenautomation.Test.AccountPageTest@4ce1d6d0]" started-at="2023-11-20T04:29:53 EST" name="validateIfUserCanUpdateAccountInfo" finished-at="2023-11-20T04:29:56 EST" duration-ms="3670" status="PASS">
          <reporter-output>
          </reporter-output>
        </test-method> <!-- validateIfUserCanUpdateAccountInfo -->
        <test-method is-config="true" signature="quitBrowser()[pri:0, instance:com.naveenautomation.Test.AccountPageTest@4ce1d6d0]" started-at="2023-11-20T04:29:56 EST" name="quitBrowser" finished-at="2023-11-20T04:29:57 EST" duration-ms="256" status="PASS">
          <reporter-output>
          </reporter-output>
        </test-method> <!-- quitBrowser -->
      </class> <!-- com.naveenautomation.Test.AccountPageTest -->
    </test> <!-- Default test -->
  </suite> <!-- Default suite -->
</testng-results>
